<?xml version="1.0" encoding="UTF-8"?>
<!-- Generated by org.testng.reporters.JUnitXMLReporter -->
<testsuite ignored="0" hostname="N12663" failures="0" tests="3" name="Command line test" time="42.149" errors="0" timestamp="2021-09-04T16:45:39 AST">
  <testcase classname="Tests" name="searchValidationViaAPI" time="4.964"/>
  <testcase classname="Tests" name="searchValidationViaPage" time="21.534"/>
  <testcase classname="Tests" name="loginValidation" time="12.837"/>
</testsuite> <!-- Command line test -->
