<?xml version="1.0" encoding="UTF-8"?>
<!-- Generated by org.testng.reporters.JUnitXMLReporter -->
<testsuite ignored="0" hostname="N12663" failures="0" tests="3" name="Command line test" time="31.426" errors="0" timestamp="2021-09-03T14:35:50 AST">
  <testcase classname="Tests" name="searchValidationViaAPI" time="6.153"/>
  <testcase classname="Tests" name="searchValidationViaPage" time="13.847"/>
  <testcase classname="Tests" name="loginValidation" time="10.684"/>
</testsuite> <!-- Command line test -->
